c:\users\aoudmadj\documents\visual studio 2015\projects\leakingserver\native2\native2\debug\native2.pch
c:\users\aoudmadj\documents\visual studio 2015\projects\leakingserver\native2\native2\debug\vc140.pdb
c:\users\aoudmadj\documents\visual studio 2015\projects\leakingserver\native2\native2\debug\vc140.idb
c:\users\aoudmadj\documents\visual studio 2015\projects\leakingserver\native2\native2\debug\stdafx.obj
c:\users\aoudmadj\documents\visual studio 2015\projects\leakingserver\native2\native2\debug\dllmain.obj
c:\users\aoudmadj\documents\visual studio 2015\projects\leakingserver\native2\native2\debug\native2.obj
c:\users\aoudmadj\documents\visual studio 2015\projects\leakingserver\debug\native2.ilk
c:\users\aoudmadj\documents\visual studio 2015\projects\leakingserver\debug\native2.dll
c:\users\aoudmadj\documents\visual studio 2015\projects\leakingserver\debug\native2.pdb
c:\users\aoudmadj\documents\visual studio 2015\projects\leakingserver\debug\native2.lib
c:\users\aoudmadj\documents\visual studio 2015\projects\leakingserver\debug\native2.exp
c:\users\aoudmadj\documents\visual studio 2015\projects\leakingserver\leakingserver\native2\native2\debug\dllmain.obj
c:\users\aoudmadj\documents\visual studio 2015\projects\leakingserver\leakingserver\native2\native2\debug\native2.obj
c:\users\aoudmadj\documents\visual studio 2015\projects\leakingserver\leakingserver\native2\native2\debug\stdafx.obj
c:\users\aoudmadj\documents\visual studio 2015\projects\leakingserver\leakingserver\native2\native2\debug\native2.pch
c:\users\aoudmadj\documents\visual studio 2015\projects\leakingserver\leakingserver\native2\native2\debug\vc140.idb
c:\users\aoudmadj\documents\visual studio 2015\projects\leakingserver\leakingserver\native2\native2\debug\vc140.pdb
c:\users\aoudmadj\documents\visual studio 2015\projects\leakingserver\leakingserver\debug\native2.pdb
c:\users\aoudmadj\documents\visual studio 2015\projects\leakingserver\leakingserver\debug\native2.dll
c:\users\aoudmadj\documents\visual studio 2015\projects\leakingserver\leakingserver\debug\native2.ilk
c:\users\aoudmadj\documents\visual studio 2015\projects\leakingserver\leakingserver\native2\native2\debug\native2.tlog\cl.command.1.tlog
c:\users\aoudmadj\documents\visual studio 2015\projects\leakingserver\leakingserver\native2\native2\debug\native2.tlog\cl.read.1.tlog
c:\users\aoudmadj\documents\visual studio 2015\projects\leakingserver\leakingserver\native2\native2\debug\native2.tlog\cl.write.1.tlog
c:\users\aoudmadj\documents\visual studio 2015\projects\leakingserver\leakingserver\native2\native2\debug\native2.tlog\link.command.1.tlog
c:\users\aoudmadj\documents\visual studio 2015\projects\leakingserver\leakingserver\native2\native2\debug\native2.tlog\link.read.1.tlog
c:\users\aoudmadj\documents\visual studio 2015\projects\leakingserver\leakingserver\native2\native2\debug\native2.tlog\link.write.1.tlog
c:\users\aoudmadj\documents\visual studio 2015\projects\leakingserver\leakingserver\native2\native2\debug\native2.tlog\native2.write.1u.tlog
