c:\users\aoudmadj\documents\visual studio 2015\projects\leakingserver\clrnative2\clrnative2\debug\clrnative2.pch
c:\users\aoudmadj\documents\visual studio 2015\projects\leakingserver\clrnative2\clrnative2\debug\vc140.pdb
c:\users\aoudmadj\documents\visual studio 2015\projects\leakingserver\clrnative2\clrnative2\debug\stdafx.obj
c:\users\aoudmadj\documents\visual studio 2015\projects\leakingserver\clrnative2\clrnative2\debug\clrnative2.obj
c:\users\aoudmadj\documents\visual studio 2015\projects\leakingserver\clrnative2\clrnative2\debug\assemblyinfo.obj
c:\users\aoudmadj\documents\visual studio 2015\projects\leakingserver\clrnative2\clrnative2\debug\.netframework,version=v4.5.2.assemblyattributes.obj
c:\users\aoudmadj\documents\visual studio 2015\projects\leakingserver\clrnative2\clrnative2\debug\.netframework,version=v4.5.2.assemblyattributes.asm
c:\users\aoudmadj\documents\visual studio 2015\projects\leakingserver\debug\clrnative2.dll
c:\users\aoudmadj\documents\visual studio 2015\projects\leakingserver\debug\clrnative2.pdb
c:\users\aoudmadj\documents\visual studio 2015\projects\leakingserver\clrnative2\clrnative2\debug\app.res
c:\users\aoudmadj\documents\visual studio 2015\projects\leakingserver\leakingserver\clrnative2\clrnative2\debug\clrnative2.vcxprojresolveassemblyreference.cache
c:\users\aoudmadj\documents\visual studio 2015\projects\leakingserver\leakingserver\clrnative2\clrnative2\debug\.netframework,version=v4.5.2.assemblyattributes.obj
c:\users\aoudmadj\documents\visual studio 2015\projects\leakingserver\leakingserver\clrnative2\clrnative2\debug\assemblyinfo.obj
c:\users\aoudmadj\documents\visual studio 2015\projects\leakingserver\leakingserver\clrnative2\clrnative2\debug\clrnative2.obj
c:\users\aoudmadj\documents\visual studio 2015\projects\leakingserver\leakingserver\clrnative2\clrnative2\debug\stdafx.obj
c:\users\aoudmadj\documents\visual studio 2015\projects\leakingserver\leakingserver\clrnative2\clrnative2\debug\app.res
c:\users\aoudmadj\documents\visual studio 2015\projects\leakingserver\leakingserver\clrnative2\clrnative2\debug\clrnative2.pch
c:\users\aoudmadj\documents\visual studio 2015\projects\leakingserver\leakingserver\clrnative2\clrnative2\debug\vc140.pdb
c:\users\aoudmadj\documents\visual studio 2015\projects\leakingserver\leakingserver\debug\clrnative2.pdb
c:\users\aoudmadj\documents\visual studio 2015\projects\leakingserver\leakingserver\debug\clrnative2.dll
c:\users\aoudmadj\documents\visual studio 2015\projects\leakingserver\leakingserver\clrnative2\clrnative2\debug\clrnative2.tlog\cl.command.1.tlog
c:\users\aoudmadj\documents\visual studio 2015\projects\leakingserver\leakingserver\clrnative2\clrnative2\debug\clrnative2.tlog\cl.read.1.tlog
c:\users\aoudmadj\documents\visual studio 2015\projects\leakingserver\leakingserver\clrnative2\clrnative2\debug\clrnative2.tlog\cl.write.1.tlog
c:\users\aoudmadj\documents\visual studio 2015\projects\leakingserver\leakingserver\clrnative2\clrnative2\debug\clrnative2.tlog\link.command.1.tlog
c:\users\aoudmadj\documents\visual studio 2015\projects\leakingserver\leakingserver\clrnative2\clrnative2\debug\clrnative2.tlog\link.read.1.tlog
c:\users\aoudmadj\documents\visual studio 2015\projects\leakingserver\leakingserver\clrnative2\clrnative2\debug\clrnative2.tlog\link.write.1.tlog
c:\users\aoudmadj\documents\visual studio 2015\projects\leakingserver\leakingserver\clrnative2\clrnative2\debug\clrnative2.tlog\metagen.read.1.tlog
c:\users\aoudmadj\documents\visual studio 2015\projects\leakingserver\leakingserver\clrnative2\clrnative2\debug\clrnative2.tlog\metagen.write.1.tlog
c:\users\aoudmadj\documents\visual studio 2015\projects\leakingserver\leakingserver\clrnative2\clrnative2\debug\clrnative2.tlog\rc.command.1.tlog
c:\users\aoudmadj\documents\visual studio 2015\projects\leakingserver\leakingserver\clrnative2\clrnative2\debug\clrnative2.tlog\rc.read.1.tlog
c:\users\aoudmadj\documents\visual studio 2015\projects\leakingserver\leakingserver\clrnative2\clrnative2\debug\clrnative2.tlog\rc.write.1.tlog
c:\users\aoudmadj\documents\visual studio 2015\projects\leakingserver\leakingserver\clrnative2\clrnative2\debug\clrnative2.tlog\tzres.dll.bi
